<?xml version="1.0" encoding="UTF-8"?>
<testsuite xmlns:xsi="http://www.w3.org/2001/XMLSchema-instance" xsi:noNamespaceSchemaLocation="https://maven.apache.org/surefire/maven-surefire-plugin/xsd/surefire-test-report-3.0.xsd" version="3.0" name="com.pet.management.repository.impl.PetRepositoryImplTest" time="0.01" tests="6" errors="0" skipped="6" failures="0">
  <properties/>
  <testcase name="delete" classname="com.pet.management.repository.impl.PetRepositoryImplTest" time="0.0">
    <skipped message="class com.pet.management.repository.impl.PetRepositoryImplTest is @Disabled"/>
  </testcase>
  <testcase name="testUpdatePet" classname="com.pet.management.repository.impl.PetRepositoryImplTest" time="0.0">
    <skipped message="class com.pet.management.repository.impl.PetRepositoryImplTest is @Disabled"/>
  </testcase>
  <testcase name="findAll" classname="com.pet.management.repository.impl.PetRepositoryImplTest" time="0.0">
    <skipped message="class com.pet.management.repository.impl.PetRepositoryImplTest is @Disabled"/>
  </testcase>
  <testcase name="findById" classname="com.pet.management.repository.impl.PetRepositoryImplTest" time="0.0">
    <skipped message="class com.pet.management.repository.impl.PetRepositoryImplTest is @Disabled"/>
  </testcase>
  <testcase name="findByName" classname="com.pet.management.repository.impl.PetRepositoryImplTest" time="0.0">
    <skipped message="class com.pet.management.repository.impl.PetRepositoryImplTest is @Disabled"/>
  </testcase>
  <testcase name="save" classname="com.pet.management.repository.impl.PetRepositoryImplTest" time="0.0">
    <skipped message="class com.pet.management.repository.impl.PetRepositoryImplTest is @Disabled"/>
  </testcase>
</testsuite>